****************************************
Report : Averaged Power
Design : c1908
Version: L-2016.06-SP3-1
Date   : Wed Jun 13 11:19:09 2018
****************************************



  Attributes
  ----------
      i  -  Including register clock pin internal power
      u  -  User defined power group

                        Internal  Switching  Leakage    Total
Power Group             Power     Power      Power      Power   (     %)  Attrs
--------------------------------------------------------------------------------
clock_network              0.0000    0.0000    0.0000    0.0000 ( 0.00%)  i
register                   0.0000    0.0000    0.0000    0.0000 ( 0.00%)  
combinational           3.745e-05 1.076e-04 4.979e-07 1.456e-04 (100.00%) 
sequential                 0.0000    0.0000    0.0000    0.0000 ( 0.00%)  
memory                     0.0000    0.0000    0.0000    0.0000 ( 0.00%)  
io_pad                     0.0000    0.0000    0.0000    0.0000 ( 0.00%)  
black_box                  0.0000    0.0000    0.0000    0.0000 ( 0.00%)  

  Net Switching Power  = 1.076e-04   (73.93%)
  Cell Internal Power  = 3.745e-05   (25.72%)
  Cell Leakage Power   = 4.979e-07   ( 0.34%)
                         ---------
Total Power            = 1.456e-04  (100.00%)

1
